opamp_sample_0013 count: 
----------------------------------------
Metal2 spacing < 0.14um (met2.2)
----------------------------------------
 -11.105um -9.160um -10.525um -9.050um
 -11.245um -8.935um -10.385um -8.910um
 -11.245um -9.020um -10.385um -8.935um
 -11.245um -8.935um -11.105um -8.910um
 -11.245um -9.020um -11.105um -8.935um
 -11.105um -9.770um -10.525um -9.740um
 -10.525um -8.935um -10.385um -8.910um
 -10.525um -9.020um -10.385um -8.935um
 -11.105um -9.630um -10.525um -9.600um
 -11.245um -10.435um -11.105um -10.350um
 -11.245um -10.460um -11.105um -10.435um
 -11.245um -10.435um -10.385um -10.350um
 -11.245um -10.460um -10.385um -10.435um
 -10.525um -10.435um -10.385um -10.350um
 -10.525um -10.460um -10.385um -10.435um
 -11.105um -10.320um -10.525um -10.210um
----------------------------------------
Metal1 spacing < 0.14um (met1.2)
----------------------------------------
 -29.905um -3.975um -29.765um -3.960um
 -29.905um -4.020um -29.765um -3.975um
 -29.905um -4.050um -29.765um -4.020um
 -29.905um -3.975um -29.195um -3.960um
 -29.905um -4.020um -29.195um -3.975um
 -29.905um -4.050um -29.195um -4.020um
 -29.335um -3.975um -29.195um -3.960um
 -29.335um -4.020um -29.195um -3.975um
 -29.335um -4.050um -29.195um -4.020um
 -29.765um -3.825um -29.680um -3.820um
 -29.680um -3.825um -29.420um -3.820um
 -29.420um -3.825um -29.335um -3.820um
 -29.765um -3.910um -29.335um -3.825um
 29.195um -3.975um 29.335um -3.960um
 29.195um -4.020um 29.335um -3.975um
 29.195um -4.050um 29.335um -4.020um
 29.195um -3.975um 29.905um -3.960um
 29.195um -4.020um 29.905um -3.975um
 29.195um -4.050um 29.905um -4.020um
 29.765um -3.975um 29.905um -3.960um
 29.765um -4.020um 29.905um -3.975um
 29.765um -4.050um 29.905um -4.020um
 29.335um -3.825um 29.420um -3.820um
 29.420um -3.825um 29.680um -3.820um
 29.680um -3.825um 29.765um -3.820um
 29.335um -3.910um 29.765um -3.825um
----------------------------------------

