opamp_sample_0006 count: 
----------------------------------------
Metal1 spacing < 0.14um (met1.2)
----------------------------------------
 -8.195um 53.910um 0.000um 53.920um
 -8.335um 54.050um 0.000um 54.060um
 -8.335um 54.050um -8.195um 54.060um
 0.000um 53.910um 61.490um 53.920um
 61.350um 53.830um 61.490um 53.920um
 61.350um 53.810um 61.490um 53.830um
 61.350um 53.830um 62.060um 53.920um
 61.350um 53.810um 62.060um 53.830um
 61.920um 53.830um 62.060um 53.920um
 61.920um 53.810um 62.060um 53.830um
 0.000um 54.050um 61.575um 54.060um
 61.490um 54.035um 61.575um 54.050um
 61.575um 54.035um 61.835um 54.060um
 61.835um 54.035um 61.920um 54.060um
 61.490um 53.950um 61.920um 54.035um
----------------------------------------

