opamp_sample_0001 count: 
----------------------------------------
Metal2 spacing < 0.14um (met2.2)
----------------------------------------
 -11.855um -6.385um -11.275um -6.275um
 -11.995um -6.160um -11.135um -6.135um
 -11.995um -6.245um -11.135um -6.160um
 -11.995um -6.160um -11.855um -6.135um
 -11.995um -6.245um -11.855um -6.160um
 -11.855um -6.995um -11.275um -6.965um
 -11.275um -6.160um -11.135um -6.135um
 -11.275um -6.245um -11.135um -6.160um
 -11.855um -6.855um -11.275um -6.825um
 -11.995um -7.660um -11.855um -7.575um
 -11.995um -7.685um -11.855um -7.660um
 -11.995um -7.660um -11.135um -7.575um
 -11.995um -7.685um -11.135um -7.660um
 -11.275um -7.660um -11.135um -7.575um
 -11.275um -7.685um -11.135um -7.660um
 -11.855um -7.545um -11.275um -7.435um
----------------------------------------
Metal1 spacing < 0.14um (met1.2)
----------------------------------------
 -22.555um -12.970um -22.415um -12.955um
 -22.555um -13.015um -22.415um -12.970um
 -22.555um -13.045um -22.415um -13.015um
 -22.555um -12.970um -21.845um -12.955um
 -22.555um -13.015um -21.845um -12.970um
 -22.555um -13.045um -21.845um -13.015um
 -21.985um -12.970um -21.845um -12.955um
 -21.985um -13.015um -21.845um -12.970um
 -21.985um -13.045um -21.845um -13.015um
 -22.415um -12.820um -22.330um -12.815um
 -22.330um -12.820um -22.070um -12.815um
 -22.070um -12.820um -21.985um -12.815um
 -22.415um -12.905um -21.985um -12.820um
 21.845um -12.970um 21.985um -12.955um
 21.845um -13.015um 21.985um -12.970um
 21.845um -13.045um 21.985um -13.015um
 21.845um -12.970um 22.555um -12.955um
 21.845um -13.015um 22.555um -12.970um
 21.845um -13.045um 22.555um -13.015um
 22.415um -12.970um 22.555um -12.955um
 22.415um -13.015um 22.555um -12.970um
 22.415um -13.045um 22.555um -13.015um
 21.985um -12.820um 22.070um -12.815um
 22.070um -12.820um 22.330um -12.815um
 22.330um -12.820um 22.415um -12.815um
 21.985um -12.905um 22.415um -12.820um
----------------------------------------

