
Circuit 1 cell sky130_fd_pr__nfet_01v8 and Circuit 2 cell sky130_fd_pr__nfet_01v8 are black boxes.
Warning: Equate pins:  cell sky130_fd_pr__nfet_01v8 is a placeholder, treated as a black box.
Warning: Equate pins:  cell sky130_fd_pr__nfet_01v8 is a placeholder, treated as a black box.

Subcircuit pins:
Circuit 1: sky130_fd_pr__nfet_01v8         |Circuit 2: sky130_fd_pr__nfet_01v8         
-------------------------------------------|-------------------------------------------
1                                          |1                                          
2                                          |2                                          
3                                          |3                                          
4                                          |4                                          
---------------------------------------------------------------------------------------
Cell pin lists are equivalent.
Device classes sky130_fd_pr__nfet_01v8 and sky130_fd_pr__nfet_01v8 are equivalent.

Circuit 1 cell sky130_fd_pr__pfet_01v8 and Circuit 2 cell sky130_fd_pr__pfet_01v8 are black boxes.
Warning: Equate pins:  cell sky130_fd_pr__pfet_01v8 is a placeholder, treated as a black box.
Warning: Equate pins:  cell sky130_fd_pr__pfet_01v8 is a placeholder, treated as a black box.

Subcircuit pins:
Circuit 1: sky130_fd_pr__pfet_01v8         |Circuit 2: sky130_fd_pr__pfet_01v8         
-------------------------------------------|-------------------------------------------
1                                          |1                                          
2                                          |2                                          
3                                          |3                                          
4                                          |4                                          
---------------------------------------------------------------------------------------
Cell pin lists are equivalent.
Device classes sky130_fd_pr__pfet_01v8 and sky130_fd_pr__pfet_01v8 are equivalent.

Circuit 1 cell sky130_fd_pr__cap_mim_m3_1 and Circuit 2 cell sky130_fd_pr__cap_mim_m3_1 are black boxes.
Warning: Equate pins:  cell sky130_fd_pr__cap_mim_m3_1 is a placeholder, treated as a black box.
Warning: Equate pins:  cell sky130_fd_pr__cap_mim_m3_1 is a placeholder, treated as a black box.

Subcircuit pins:
Circuit 1: sky130_fd_pr__cap_mim_m3_1      |Circuit 2: sky130_fd_pr__cap_mim_m3_1      
-------------------------------------------|-------------------------------------------
1                                          |1                                          
2                                          |2                                          
---------------------------------------------------------------------------------------
Cell pin lists are equivalent.
Device classes sky130_fd_pr__cap_mim_m3_1 and sky130_fd_pr__cap_mim_m3_1 are equivalent.
Flattening unmatched subcell INPUT_STAGE in circuit opamp_sample_0001 (1)(1 instance)
Flattening unmatched subcell DIFF_PAIR in circuit opamp_sample_0001 (1)(1 instance)
Flattening unmatched subcell NMOS in circuit opamp_sample_0001 (1)(2 instances)
Flattening unmatched subcell CMIRROR in circuit opamp_sample_0001 (1)(3 instances)
Flattening unmatched subcell NMOS_1 in circuit opamp_sample_0001 (1)(6 instances)
Flattening unmatched subcell GAIN_STAGE in circuit opamp_sample_0001 (1)(1 instance)
Flattening unmatched subcell DIFF_TO_SINGLE_CS in circuit opamp_sample_0001 (1)(1 instance)
Flattening unmatched subcell DIFF_TO_SINGLE in circuit opamp_sample_0001 (1)(1 instance)
Flattening unmatched subcell PMOS in circuit opamp_sample_0001 (1)(20 instances)
Flattening unmatched subcell CMIRROR in circuit opamp_sample_0001 (1)(3 instances)
Flattening unmatched subcell MIMCAP_ARR in circuit opamp_sample_0001 (1)(1 instance)
Flattening unmatched subcell MIMCap in circuit opamp_sample_0001 (1)(6 instances)

Class opamp_sample_0001 (0):  Merged 152 parallel devices.
Class opamp_sample_0001 (1):  Merged 76 parallel devices.
Subcircuit summary:
Circuit 1: opamp_sample_0001               |Circuit 2: opamp_sample_0001               
-------------------------------------------|-------------------------------------------
sky130_fd_pr__nfet_01v8 (58->9)            |sky130_fd_pr__nfet_01v8 (52->9)            
sky130_fd_pr__pfet_01v8 (106->8)           |sky130_fd_pr__pfet_01v8 (636->6) **Mismatc 
sky130_fd_pr__cap_mim_m3_1 (6->1)          |sky130_fd_pr__cap_mim_m3_1 (6->1)          
Number of devices: 18 **Mismatch**         |Number of devices: 16 **Mismatch**         
Number of nets: 16 **Mismatch**            |Number of nets: 12 **Mismatch**            
---------------------------------------------------------------------------------------
NET mismatches: Class fragments follow (with fanout counts):
Circuit 1: opamp_sample_0001               |Circuit 2: opamp_sample_0001               

---------------------------------------------------------------------------------------
Net: DIFFPAIR_BIAS                         |Net: DIFFPAIR_BIAS                         
  sky130_fd_pr__nfet_01v8/2 = 2            |  sky130_fd_pr__nfet_01v8/2 = 2            
  sky130_fd_pr__nfet_01v8/(1|3) = 1        |  sky130_fd_pr__nfet_01v8/(1|3) = 1        
                                           |                                           
Net: a_n874_n120#                          |Net: INPUT_STAGE:0/wire0                   
  sky130_fd_pr__nfet_01v8/(1|3) = 3        |  sky130_fd_pr__nfet_01v8/(1|3) = 3        
                                           |                                           
Net: GND                                   |Net: GND                                   
  sky130_fd_pr__nfet_01v8/(1|3) = 6        |  sky130_fd_pr__nfet_01v8/(1|3) = 8        
  sky130_fd_pr__nfet_01v8/2 = 3            |  sky130_fd_pr__nfet_01v8/2 = 3            
  sky130_fd_pr__nfet_01v8/4 = 9            |  sky130_fd_pr__nfet_01v8/4 = 9            
                                           |                                           
Net: VDD                                   |Net: VDD                                   
  sky130_fd_pr__pfet_01v8/(1|3) = 5        |  sky130_fd_pr__pfet_01v8/(1|3) = 5        
  sky130_fd_pr__pfet_01v8/4 = 8            |  sky130_fd_pr__pfet_01v8/4 = 6            
  sky130_fd_pr__pfet_01v8/2 = 1            |  sky130_fd_pr__pfet_01v8/2 = 1            
---------------------------------------------------------------------------------------
DEVICE mismatches: Class fragments follow (with node fanout counts):
Circuit 1: opamp_sample_0001               |Circuit 2: opamp_sample_0001               

---------------------------------------------------------------------------------------
Instance: sky130_fd_pr__nfet_01v8:0        |Instance: INPUT_STAGE:0/CMIRROR:1/sky130_f 
  (1,3) = (18,18)                          |  (1,3) = (20,3)                           
  2 = 18                                   |  2 = 3                                    
  4 = 18                                   |  4 = 20                                   
                                           |                                           
(no matching instance)                     |Instance: INPUT_STAGE:0/CMIRROR:1/sky130_f 
                                           |  (1,3) = (20,3)                           
                                           |  2 = 3                                    
                                           |  4 = 20                                   
                                           |                                           
                                           |                                           
(no matching instance)                     |Instance: INPUT_STAGE:0/DIFF_PAIR:0/NMOS:0 
                                           |  (1,3) = (20,20)                          
                                           |  2 = 20                                   
                                           |  4 = 20                                   
                                           |                                           
---------------------------------------------------------------------------------------
Netlists do not match.

Subcircuit pins:
Circuit 1: opamp_sample_0001               |Circuit 2: opamp_sample_0001               
-------------------------------------------|-------------------------------------------
GND                                        |DIFFPAIR_BIAS **Mismatch**                 
VDD                                        |(no matching pin)                          
DIFFPAIR_BIAS                              |VDD **Mismatch**                           
CS_BIAS                                    |CS_BIAS                                    
VOUT                                       |VOUT                                       
VP                                         |VP                                         
VN                                         |VN                                         
(no matching pin)                          |GND                                        
VDD                                        |(no matching pin)                          
---------------------------------------------------------------------------------------
Cell pin lists for opamp_sample_0001 and opamp_sample_0001 altered to match.
Device classes opamp_sample_0001 and opamp_sample_0001 are equivalent.

Final result: Top level cell failed pin matching.
