opamp_sample_0014 count: 
----------------------------------------
Metal1 spacing < 0.14um (met1.2)
----------------------------------------
 -6.105um 52.270um 0.000um 52.280um
 -6.245um 52.410um 0.000um 52.420um
 -6.245um 52.410um -6.105um 52.420um
 0.000um 52.270um 40.570um 52.280um
 40.430um 52.190um 40.570um 52.280um
 40.430um 52.170um 40.570um 52.190um
 40.430um 52.190um 41.140um 52.280um
 40.430um 52.170um 41.140um 52.190um
 41.000um 52.190um 41.140um 52.280um
 41.000um 52.170um 41.140um 52.190um
 0.000um 52.410um 40.655um 52.420um
 40.570um 52.395um 40.655um 52.410um
 40.655um 52.395um 40.915um 52.420um
 40.915um 52.395um 41.000um 52.420um
 40.570um 52.310um 41.000um 52.395um
----------------------------------------

