
Circuit 1 cell sky130_fd_pr__nfet_01v8 and Circuit 2 cell sky130_fd_pr__nfet_01v8 are black boxes.
Warning: Equate pins:  cell sky130_fd_pr__nfet_01v8 is a placeholder, treated as a black box.
Warning: Equate pins:  cell sky130_fd_pr__nfet_01v8 is a placeholder, treated as a black box.

Subcircuit pins:
Circuit 1: sky130_fd_pr__nfet_01v8         |Circuit 2: sky130_fd_pr__nfet_01v8         
-------------------------------------------|-------------------------------------------
1                                          |1                                          
2                                          |2                                          
3                                          |3                                          
4                                          |4                                          
---------------------------------------------------------------------------------------
Cell pin lists are equivalent.
Device classes sky130_fd_pr__nfet_01v8 and sky130_fd_pr__nfet_01v8 are equivalent.

Circuit 1 cell sky130_fd_pr__pfet_01v8 and Circuit 2 cell sky130_fd_pr__pfet_01v8 are black boxes.
Warning: Equate pins:  cell sky130_fd_pr__pfet_01v8 is a placeholder, treated as a black box.
Warning: Equate pins:  cell sky130_fd_pr__pfet_01v8 is a placeholder, treated as a black box.

Subcircuit pins:
Circuit 1: sky130_fd_pr__pfet_01v8         |Circuit 2: sky130_fd_pr__pfet_01v8         
-------------------------------------------|-------------------------------------------
1                                          |1                                          
2                                          |2                                          
3                                          |3                                          
4                                          |4                                          
---------------------------------------------------------------------------------------
Cell pin lists are equivalent.
Device classes sky130_fd_pr__pfet_01v8 and sky130_fd_pr__pfet_01v8 are equivalent.
Flattening unmatched subcell NMOS in circuit tg_sample_0003 (1)(3 instances)
Flattening unmatched subcell PMOS in circuit tg_sample_0003 (1)(3 instances)

Cell tg_sample_0003 (0) disconnected node: VIN
Cell tg_sample_0003 (0) disconnected node: VGN
Cell tg_sample_0003 (0) disconnected node: VGP
Class tg_sample_0003 (0):  Merged 16 parallel devices.
Class tg_sample_0003 (1):  Merged 14 parallel devices.
Cell tg_sample_0003 (0) disconnected node: VIN
Cell tg_sample_0003 (0) disconnected node: VGN
Cell tg_sample_0003 (0) disconnected node: VGP
Subcircuit summary:
Circuit 1: tg_sample_0003                  |Circuit 2: tg_sample_0003                  
-------------------------------------------|-------------------------------------------
sky130_fd_pr__pfet_01v8 (10->2)            |sky130_fd_pr__pfet_01v8 (30->2)            
sky130_fd_pr__nfet_01v8 (10->2)            |sky130_fd_pr__nfet_01v8 (30->2)            
Number of devices: 4                       |Number of devices: 4                       
Number of nets: 3 **Mismatch**             |Number of nets: 6 **Mismatch**             
---------------------------------------------------------------------------------------
NET mismatches: Class fragments follow (with fanout counts):
Circuit 1: tg_sample_0003                  |Circuit 2: tg_sample_0003                  

---------------------------------------------------------------------------------------
Net: VOUT                                  |(no matching net)                          
  sky130_fd_pr__pfet_01v8/(1|3) = 2        |                                           
  sky130_fd_pr__pfet_01v8/2 = 1            |                                           
  sky130_fd_pr__nfet_01v8/(1|3) = 2        |                                           
  sky130_fd_pr__nfet_01v8/2 = 1            |                                           
---------------------------------------------------------------------------------------

---------------------------------------------------------------------------------------
(no matching net)                          |Net: VGP                                   
                                           |  sky130_fd_pr__pfet_01v8/2 = 1            
                                           |                                           
(no matching net)                          |Net: VGN                                   
                                           |  sky130_fd_pr__nfet_01v8/2 = 1            
---------------------------------------------------------------------------------------

---------------------------------------------------------------------------------------
Net: VCC                                   |Net: VCC                                   
  sky130_fd_pr__pfet_01v8/4 = 2            |  sky130_fd_pr__pfet_01v8/4 = 2            
  sky130_fd_pr__pfet_01v8/(1|3) = 2        |  sky130_fd_pr__pfet_01v8/(1|3) = 2        
  sky130_fd_pr__pfet_01v8/2 = 1            |  sky130_fd_pr__pfet_01v8/2 = 1            
                                           |                                           
Net: VSS                                   |Net: VSS                                   
  sky130_fd_pr__nfet_01v8/4 = 2            |  sky130_fd_pr__nfet_01v8/4 = 2            
  sky130_fd_pr__nfet_01v8/(1|3) = 2        |  sky130_fd_pr__nfet_01v8/(1|3) = 2        
  sky130_fd_pr__nfet_01v8/2 = 1            |  sky130_fd_pr__nfet_01v8/2 = 1            
---------------------------------------------------------------------------------------
DEVICE mismatches: Class fragments follow (with node fanout counts):
Circuit 1: tg_sample_0003                  |Circuit 2: tg_sample_0003                  

---------------------------------------------------------------------------------------
Instance: sky130_fd_pr__nfet_01v8:1        |Instance: NMOS:0/sky130_fd_pr__nfet_01v8:M 
  (1,3) = (6,6)                            |  (1,3) = (2,2)                            
  2 = 6                                    |  2 = 1                                    
  4 = 5                                    |  4 = 5                                    
---------------------------------------------------------------------------------------

---------------------------------------------------------------------------------------
Instance: sky130_fd_pr__pfet_01v8:0        |Instance: PMOS:1/sky130_fd_pr__pfet_01v8:M 
  (1,3) = (6,6)                            |  (1,3) = (2,2)                            
  2 = 6                                    |  2 = 1                                    
  4 = 5                                    |  4 = 5                                    
---------------------------------------------------------------------------------------
Netlists do not match.

Subcircuit pins:
Circuit 1: tg_sample_0003                  |Circuit 2: tg_sample_0003                  
-------------------------------------------|-------------------------------------------
Cell pin lists are equivalent.
Device classes tg_sample_0003 and tg_sample_0003 are equivalent.

Final result: Netlists do not match.
