
Circuit 1 cell sky130_fd_pr__nfet_01v8 and Circuit 2 cell sky130_fd_pr__nfet_01v8 are black boxes.
Warning: Equate pins:  cell sky130_fd_pr__nfet_01v8 is a placeholder, treated as a black box.
Warning: Equate pins:  cell sky130_fd_pr__nfet_01v8 is a placeholder, treated as a black box.

Subcircuit pins:
Circuit 1: sky130_fd_pr__nfet_01v8         |Circuit 2: sky130_fd_pr__nfet_01v8         
-------------------------------------------|-------------------------------------------
1                                          |1                                          
2                                          |2                                          
3                                          |3                                          
4                                          |4                                          
---------------------------------------------------------------------------------------
Cell pin lists are equivalent.
Device classes sky130_fd_pr__nfet_01v8 and sky130_fd_pr__nfet_01v8 are equivalent.

Circuit 1 cell sky130_fd_pr__pfet_01v8 and Circuit 2 cell sky130_fd_pr__pfet_01v8 are black boxes.
Warning: Equate pins:  cell sky130_fd_pr__pfet_01v8 is a placeholder, treated as a black box.
Warning: Equate pins:  cell sky130_fd_pr__pfet_01v8 is a placeholder, treated as a black box.

Subcircuit pins:
Circuit 1: sky130_fd_pr__pfet_01v8         |Circuit 2: sky130_fd_pr__pfet_01v8         
-------------------------------------------|-------------------------------------------
1                                          |1                                          
2                                          |2                                          
3                                          |3                                          
4                                          |4                                          
---------------------------------------------------------------------------------------
Cell pin lists are equivalent.
Device classes sky130_fd_pr__pfet_01v8 and sky130_fd_pr__pfet_01v8 are equivalent.

Circuit 1 cell sky130_fd_pr__cap_mim_m3_1 and Circuit 2 cell sky130_fd_pr__cap_mim_m3_1 are black boxes.
Warning: Equate pins:  cell sky130_fd_pr__cap_mim_m3_1 is a placeholder, treated as a black box.
Warning: Equate pins:  cell sky130_fd_pr__cap_mim_m3_1 is a placeholder, treated as a black box.

Subcircuit pins:
Circuit 1: sky130_fd_pr__cap_mim_m3_1      |Circuit 2: sky130_fd_pr__cap_mim_m3_1      
-------------------------------------------|-------------------------------------------
1                                          |1                                          
2                                          |2                                          
---------------------------------------------------------------------------------------
Cell pin lists are equivalent.
Device classes sky130_fd_pr__cap_mim_m3_1 and sky130_fd_pr__cap_mim_m3_1 are equivalent.
Flattening unmatched subcell INPUT_STAGE in circuit opamp_sample_0009 (1)(1 instance)
Flattening unmatched subcell DIFF_PAIR in circuit opamp_sample_0009 (1)(1 instance)
Flattening unmatched subcell NMOS in circuit opamp_sample_0009 (1)(6 instances)
Flattening unmatched subcell CMIRROR in circuit opamp_sample_0009 (1)(2 instances)
Flattening unmatched subcell GAIN_STAGE in circuit opamp_sample_0009 (1)(1 instance)
Flattening unmatched subcell DIFF_TO_SINGLE_CS in circuit opamp_sample_0009 (1)(1 instance)
Flattening unmatched subcell DIFF_TO_SINGLE in circuit opamp_sample_0009 (1)(1 instance)
Flattening unmatched subcell PMOS in circuit opamp_sample_0009 (1)(4 instances)
Flattening unmatched subcell CMIRROR in circuit opamp_sample_0009 (1)(2 instances)
Flattening unmatched subcell MIMCAP_ARR in circuit opamp_sample_0009 (1)(1 instance)
Flattening unmatched subcell MIMCap in circuit opamp_sample_0009 (1)(2 instances)

Class opamp_sample_0009 (0):  Merged 162 parallel devices.
Class opamp_sample_0009 (1):  Merged 24 parallel devices.
Subcircuit summary:
Circuit 1: opamp_sample_0009               |Circuit 2: opamp_sample_0009               
-------------------------------------------|-------------------------------------------
sky130_fd_pr__nfet_01v8 (118->7)           |sky130_fd_pr__nfet_01v8 (50->7)            
sky130_fd_pr__pfet_01v8 (58->8)            |sky130_fd_pr__pfet_01v8 (64->6) **Mismatch 
sky130_fd_pr__cap_mim_m3_1 (2->1)          |sky130_fd_pr__cap_mim_m3_1 (2->1)          
Number of devices: 16 **Mismatch**         |Number of devices: 14 **Mismatch**         
Number of nets: 14 **Mismatch**            |Number of nets: 12 **Mismatch**            
---------------------------------------------------------------------------------------
NET mismatches: Class fragments follow (with fanout counts):
Circuit 1: opamp_sample_0009               |Circuit 2: opamp_sample_0009               

---------------------------------------------------------------------------------------
Net: VDD                                   |Net: VDD                                   
  sky130_fd_pr__pfet_01v8/4 = 8            |  sky130_fd_pr__pfet_01v8/4 = 6            
  sky130_fd_pr__pfet_01v8/(1|3) = 5        |  sky130_fd_pr__pfet_01v8/(1|3) = 5        
  sky130_fd_pr__pfet_01v8/2 = 1            |  sky130_fd_pr__pfet_01v8/2 = 1            
---------------------------------------------------------------------------------------
Netlists do not match.

Subcircuit pins:
Circuit 1: opamp_sample_0009               |Circuit 2: opamp_sample_0009               
-------------------------------------------|-------------------------------------------
VDD                                        |VDD                                        
VOUT                                       |VOUT                                       
DIFFPAIR_BIAS                              |DIFFPAIR_BIAS                              
CS_BIAS                                    |CS_BIAS                                    
GND                                        |GND                                        
VP                                         |VP                                         
VN                                         |VN                                         
---------------------------------------------------------------------------------------
Cell pin lists are equivalent.
Device classes opamp_sample_0009 and opamp_sample_0009 are equivalent.

Final result: Netlists do not match.
