opamp_sample_0009 count: 
----------------------------------------
Metal1 spacing < 0.14um (met1.2)
----------------------------------------
 -8.675um 47.330um 0.000um 47.335um
 -8.815um 47.470um 0.000um 47.475um
 -8.815um 47.470um -8.675um 47.475um
 0.000um 47.330um 66.280um 47.335um
 66.140um 47.245um 66.280um 47.335um
 66.140um 47.230um 66.280um 47.245um
 66.140um 47.245um 66.850um 47.335um
 66.140um 47.230um 66.850um 47.245um
 66.710um 47.245um 66.850um 47.335um
 66.710um 47.230um 66.850um 47.245um
 0.000um 47.470um 66.365um 47.475um
 66.280um 47.455um 66.365um 47.470um
 66.365um 47.455um 66.625um 47.475um
 66.625um 47.455um 66.710um 47.475um
 66.280um 47.370um 66.710um 47.455um
----------------------------------------

