
Circuit 1 cell sky130_fd_pr__nfet_01v8 and Circuit 2 cell sky130_fd_pr__nfet_01v8 are black boxes.
Warning: Equate pins:  cell sky130_fd_pr__nfet_01v8 is a placeholder, treated as a black box.
Warning: Equate pins:  cell sky130_fd_pr__nfet_01v8 is a placeholder, treated as a black box.

Subcircuit pins:
Circuit 1: sky130_fd_pr__nfet_01v8         |Circuit 2: sky130_fd_pr__nfet_01v8         
-------------------------------------------|-------------------------------------------
1                                          |1                                          
2                                          |2                                          
3                                          |3                                          
4                                          |4                                          
---------------------------------------------------------------------------------------
Cell pin lists are equivalent.
Device classes sky130_fd_pr__nfet_01v8 and sky130_fd_pr__nfet_01v8 are equivalent.

Circuit 1 cell sky130_fd_pr__pfet_01v8 and Circuit 2 cell sky130_fd_pr__pfet_01v8 are black boxes.
Warning: Equate pins:  cell sky130_fd_pr__pfet_01v8 is a placeholder, treated as a black box.
Warning: Equate pins:  cell sky130_fd_pr__pfet_01v8 is a placeholder, treated as a black box.

Subcircuit pins:
Circuit 1: sky130_fd_pr__pfet_01v8         |Circuit 2: sky130_fd_pr__pfet_01v8         
-------------------------------------------|-------------------------------------------
1                                          |1                                          
2                                          |2                                          
3                                          |3                                          
4                                          |4                                          
---------------------------------------------------------------------------------------
Cell pin lists are equivalent.
Device classes sky130_fd_pr__pfet_01v8 and sky130_fd_pr__pfet_01v8 are equivalent.
Flattening unmatched subcell NMOS in circuit tg_sample_0004 (1)(2 instances)
Flattening unmatched subcell PMOS in circuit tg_sample_0004 (1)(2 instances)

Class tg_sample_0004 (0):  Merged 8 parallel devices.
Class tg_sample_0004 (1):  Merged 8 parallel devices.
Subcircuit summary:
Circuit 1: tg_sample_0004                  |Circuit 2: tg_sample_0004                  
-------------------------------------------|-------------------------------------------
sky130_fd_pr__pfet_01v8 (6->2)             |sky130_fd_pr__pfet_01v8 (12->2)            
sky130_fd_pr__nfet_01v8 (6->2)             |sky130_fd_pr__nfet_01v8 (12->2)            
Number of devices: 4                       |Number of devices: 4                       
Number of nets: 6                          |Number of nets: 6                          
---------------------------------------------------------------------------------------
Resolving symmetries by property value.
Resolving symmetries by pin name.
Netlists match uniquely with property errors.
sky130_fd_pr__nfet_01v8:1 vs. NMOS:0/sky130_fd_pr__nfet_01v8:MAIN:
 w circuit1: 57.52   circuit2: 115.038   (delta=66.7%, cutoff=1%)
sky130_fd_pr__nfet_01v8:10 vs. NMOS:0/sky130_fd_pr__nfet_01v8:DUMMY1:
 w circuit1: 28.76   circuit2: 57.5189   (delta=66.7%, cutoff=1%)
sky130_fd_pr__pfet_01v8:0 vs. PMOS:1/sky130_fd_pr__pfet_01v8:MAIN:
 w circuit1: 28.2   circuit2: 56.3982   (delta=66.7%, cutoff=1%)
sky130_fd_pr__pfet_01v8:6 vs. PMOS:1/sky130_fd_pr__pfet_01v8:DUMMY1:
 w circuit1: 14.1   circuit2: 28.1991   (delta=66.7%, cutoff=1%)

Subcircuit pins:
Circuit 1: tg_sample_0004                  |Circuit 2: tg_sample_0004                  
-------------------------------------------|-------------------------------------------
VSS                                        |VSS                                        
VCC                                        |VCC                                        
VGN                                        |VGN                                        
VGP                                        |VGP                                        
VOUT                                       |VOUT                                       
VIN                                        |VIN                                        
---------------------------------------------------------------------------------------
Cell pin lists are equivalent.
Device classes tg_sample_0004 and tg_sample_0004 are equivalent.

Final result: Circuits match uniquely.
Property errors were found.

The following cells had property errors:
 tg_sample_0004
