
Circuit 1 cell sky130_fd_pr__nfet_01v8 and Circuit 2 cell sky130_fd_pr__nfet_01v8 are black boxes.
Warning: Equate pins:  cell sky130_fd_pr__nfet_01v8 is a placeholder, treated as a black box.
Warning: Equate pins:  cell sky130_fd_pr__nfet_01v8 is a placeholder, treated as a black box.

Subcircuit pins:
Circuit 1: sky130_fd_pr__nfet_01v8         |Circuit 2: sky130_fd_pr__nfet_01v8         
-------------------------------------------|-------------------------------------------
1                                          |1                                          
2                                          |2                                          
3                                          |3                                          
4                                          |4                                          
---------------------------------------------------------------------------------------
Cell pin lists are equivalent.
Device classes sky130_fd_pr__nfet_01v8 and sky130_fd_pr__nfet_01v8 are equivalent.

Circuit 1 cell sky130_fd_pr__pfet_01v8 and Circuit 2 cell sky130_fd_pr__pfet_01v8 are black boxes.
Warning: Equate pins:  cell sky130_fd_pr__pfet_01v8 is a placeholder, treated as a black box.
Warning: Equate pins:  cell sky130_fd_pr__pfet_01v8 is a placeholder, treated as a black box.

Subcircuit pins:
Circuit 1: sky130_fd_pr__pfet_01v8         |Circuit 2: sky130_fd_pr__pfet_01v8         
-------------------------------------------|-------------------------------------------
1                                          |1                                          
2                                          |2                                          
3                                          |3                                          
4                                          |4                                          
---------------------------------------------------------------------------------------
Cell pin lists are equivalent.
Device classes sky130_fd_pr__pfet_01v8 and sky130_fd_pr__pfet_01v8 are equivalent.
Flattening unmatched subcell NMOS in circuit tg_sample_0006 (1)(2 instances)
Flattening unmatched subcell PMOS in circuit tg_sample_0006 (1)(2 instances)

Class tg_sample_0006 (0):  Merged 8 parallel devices.
Class tg_sample_0006 (1):  Merged 8 parallel devices.
Subcircuit summary:
Circuit 1: tg_sample_0006                  |Circuit 2: tg_sample_0006                  
-------------------------------------------|-------------------------------------------
sky130_fd_pr__nfet_01v8 (6->2)             |sky130_fd_pr__nfet_01v8 (12->2)            
sky130_fd_pr__pfet_01v8 (6->2)             |sky130_fd_pr__pfet_01v8 (12->2)            
Number of devices: 4                       |Number of devices: 4                       
Number of nets: 6                          |Number of nets: 6                          
---------------------------------------------------------------------------------------
Resolving symmetries by property value.
Resolving symmetries by pin name.
Netlists match uniquely with property errors.
sky130_fd_pr__pfet_01v8:1 vs. PMOS:1/sky130_fd_pr__pfet_01v8:MAIN:
 w circuit1: 75.2   circuit2: 150.363   (delta=66.6%, cutoff=1%)
sky130_fd_pr__pfet_01v8:5 vs. PMOS:1/sky130_fd_pr__pfet_01v8:DUMMY1:
 w circuit1: 37.6   circuit2: 75.1817   (delta=66.6%, cutoff=1%)
sky130_fd_pr__nfet_01v8:0 vs. NMOS:0/sky130_fd_pr__nfet_01v8:MAIN:
 l circuit1: 0.62   circuit2: 0.612564   (delta=1.21%, cutoff=1%)
 w circuit1: 13.8   circuit2: 27.5887   (delta=66.6%, cutoff=1%)
sky130_fd_pr__nfet_01v8:3 vs. NMOS:0/sky130_fd_pr__nfet_01v8:DUMMY1:
 l circuit1: 0.62   circuit2: 0.612564   (delta=1.21%, cutoff=1%)
 w circuit1: 6.9   circuit2: 13.7943   (delta=66.6%, cutoff=1%)

Subcircuit pins:
Circuit 1: tg_sample_0006                  |Circuit 2: tg_sample_0006                  
-------------------------------------------|-------------------------------------------
VSS                                        |VSS                                        
VCC                                        |VCC                                        
VGN                                        |VGN                                        
VGP                                        |VGP                                        
VOUT                                       |VOUT                                       
VIN                                        |VIN                                        
---------------------------------------------------------------------------------------
Cell pin lists are equivalent.
Device classes tg_sample_0006 and tg_sample_0006 are equivalent.

Final result: Circuits match uniquely.
Property errors were found.

The following cells had property errors:
 tg_sample_0006
