
Circuit 1 cell sky130_fd_pr__nfet_01v8 and Circuit 2 cell sky130_fd_pr__nfet_01v8 are black boxes.
Warning: Equate pins:  cell sky130_fd_pr__nfet_01v8 is a placeholder, treated as a black box.
Warning: Equate pins:  cell sky130_fd_pr__nfet_01v8 is a placeholder, treated as a black box.

Subcircuit pins:
Circuit 1: sky130_fd_pr__nfet_01v8         |Circuit 2: sky130_fd_pr__nfet_01v8         
-------------------------------------------|-------------------------------------------
1                                          |1                                          
2                                          |2                                          
3                                          |3                                          
4                                          |4                                          
---------------------------------------------------------------------------------------
Cell pin lists are equivalent.
Device classes sky130_fd_pr__nfet_01v8 and sky130_fd_pr__nfet_01v8 are equivalent.

Circuit 1 cell sky130_fd_pr__pfet_01v8 and Circuit 2 cell sky130_fd_pr__pfet_01v8 are black boxes.
Warning: Equate pins:  cell sky130_fd_pr__pfet_01v8 is a placeholder, treated as a black box.
Warning: Equate pins:  cell sky130_fd_pr__pfet_01v8 is a placeholder, treated as a black box.

Subcircuit pins:
Circuit 1: sky130_fd_pr__pfet_01v8         |Circuit 2: sky130_fd_pr__pfet_01v8         
-------------------------------------------|-------------------------------------------
1                                          |1                                          
2                                          |2                                          
3                                          |3                                          
4                                          |4                                          
---------------------------------------------------------------------------------------
Cell pin lists are equivalent.
Device classes sky130_fd_pr__pfet_01v8 and sky130_fd_pr__pfet_01v8 are equivalent.
Flattening unmatched subcell NMOS in circuit tg_sample_0047 (1)(1 instance)
Flattening unmatched subcell PMOS in circuit tg_sample_0047 (1)(1 instance)

Cell tg_sample_0047 (0) disconnected node: VIN
Cell tg_sample_0047 (0) disconnected node: VGP
Class tg_sample_0047 (0):  Merged 8 parallel devices.
Class tg_sample_0047 (1):  Merged 2 parallel devices.
Cell tg_sample_0047 (0) disconnected node: VIN
Cell tg_sample_0047 (0) disconnected node: VGP
Subcircuit summary:
Circuit 1: tg_sample_0047                  |Circuit 2: tg_sample_0047                  
-------------------------------------------|-------------------------------------------
sky130_fd_pr__nfet_01v8 (6->2)             |sky130_fd_pr__nfet_01v8 (6->2)             
sky130_fd_pr__pfet_01v8 (6->2)             |sky130_fd_pr__pfet_01v8 (6->2)             
Number of devices: 4                       |Number of devices: 4                       
Number of nets: 4 **Mismatch**             |Number of nets: 6 **Mismatch**             
---------------------------------------------------------------------------------------
NET mismatches: Class fragments follow (with fanout counts):
Circuit 1: tg_sample_0047                  |Circuit 2: tg_sample_0047                  

---------------------------------------------------------------------------------------
Net: VSS                                   |Net: VSS                                   
  sky130_fd_pr__nfet_01v8/4 = 2            |  sky130_fd_pr__nfet_01v8/4 = 2            
  sky130_fd_pr__nfet_01v8/(1|3) = 2        |  sky130_fd_pr__nfet_01v8/(1|3) = 2        
  sky130_fd_pr__nfet_01v8/2 = 1            |  sky130_fd_pr__nfet_01v8/2 = 1            
                                           |                                           
Net: VCC                                   |Net: VCC                                   
  sky130_fd_pr__pfet_01v8/4 = 2            |  sky130_fd_pr__pfet_01v8/4 = 2            
  sky130_fd_pr__pfet_01v8/(1|3) = 2        |  sky130_fd_pr__pfet_01v8/(1|3) = 2        
  sky130_fd_pr__pfet_01v8/2 = 1            |  sky130_fd_pr__pfet_01v8/2 = 1            
                                           |                                           
Net: VGN                                   |Net: VGN                                   
  sky130_fd_pr__nfet_01v8/2 = 1            |  sky130_fd_pr__nfet_01v8/2 = 1            
                                           |                                           
Net: VOUT                                  |Net: VGP                                   
  sky130_fd_pr__nfet_01v8/(1|3) = 2        |  sky130_fd_pr__pfet_01v8/2 = 1            
  sky130_fd_pr__pfet_01v8/(1|3) = 2        |                                           
  sky130_fd_pr__pfet_01v8/2 = 1            |                                           
---------------------------------------------------------------------------------------
DEVICE mismatches: Class fragments follow (with node fanout counts):
Circuit 1: tg_sample_0047                  |Circuit 2: tg_sample_0047                  

---------------------------------------------------------------------------------------
Instance: sky130_fd_pr__pfet_01v8:2        |Instance: PMOS:1/sky130_fd_pr__pfet_01v8:D 
  (1,3) = (5,5)                            |  (1,3) = (5,5)                            
  2 = 5                                    |  2 = 5                                    
  4 = 5                                    |  4 = 5                                    
                                           |                                           
Instance: sky130_fd_pr__pfet_01v8:1        |Instance: PMOS:1/sky130_fd_pr__pfet_01v8:M 
  (1,3) = (5,5)                            |  (1,3) = (2,2)                            
  2 = 5                                    |  2 = 1                                    
  4 = 5                                    |  4 = 5                                    
---------------------------------------------------------------------------------------

---------------------------------------------------------------------------------------
Instance: sky130_fd_pr__nfet_01v8:7        |Instance: NMOS:0/sky130_fd_pr__nfet_01v8:D 
  (1,3) = (5,5)                            |  (1,3) = (5,5)                            
  2 = 5                                    |  2 = 5                                    
  4 = 5                                    |  4 = 5                                    
                                           |                                           
Instance: sky130_fd_pr__nfet_01v8:0        |Instance: NMOS:0/sky130_fd_pr__nfet_01v8:M 
  (1,3) = (5,5)                            |  (1,3) = (2,2)                            
  2 = 1                                    |  2 = 1                                    
  4 = 5                                    |  4 = 5                                    
---------------------------------------------------------------------------------------
Netlists do not match.

Subcircuit pins:
Circuit 1: tg_sample_0047                  |Circuit 2: tg_sample_0047                  
-------------------------------------------|-------------------------------------------
VOUT                                       |VSS **Mismatch**                           
VSS                                        |VCC **Mismatch**                           
VCC                                        |VGN **Mismatch**                           
VGN                                        |VGP **Mismatch**                           
(no matching pin)                          |VIN                                        
(no matching pin)                          |VOUT                                       
VIN                                        |(no matching pin)                          
VGP                                        |(no matching pin)                          
---------------------------------------------------------------------------------------
Cell pin lists for tg_sample_0047 and tg_sample_0047 altered to match.
Device classes tg_sample_0047 and tg_sample_0047 are equivalent.

Final result: Top level cell failed pin matching.
