
Circuit 1 cell sky130_fd_pr__nfet_01v8 and Circuit 2 cell sky130_fd_pr__nfet_01v8 are black boxes.
Warning: Equate pins:  cell sky130_fd_pr__nfet_01v8 is a placeholder, treated as a black box.
Warning: Equate pins:  cell sky130_fd_pr__nfet_01v8 is a placeholder, treated as a black box.

Subcircuit pins:
Circuit 1: sky130_fd_pr__nfet_01v8         |Circuit 2: sky130_fd_pr__nfet_01v8         
-------------------------------------------|-------------------------------------------
1                                          |1                                          
2                                          |2                                          
3                                          |3                                          
4                                          |4                                          
---------------------------------------------------------------------------------------
Cell pin lists are equivalent.
Device classes sky130_fd_pr__nfet_01v8 and sky130_fd_pr__nfet_01v8 are equivalent.

Circuit 1 cell sky130_fd_pr__pfet_01v8 and Circuit 2 cell sky130_fd_pr__pfet_01v8 are black boxes.
Warning: Equate pins:  cell sky130_fd_pr__pfet_01v8 is a placeholder, treated as a black box.
Warning: Equate pins:  cell sky130_fd_pr__pfet_01v8 is a placeholder, treated as a black box.

Subcircuit pins:
Circuit 1: sky130_fd_pr__pfet_01v8         |Circuit 2: sky130_fd_pr__pfet_01v8         
-------------------------------------------|-------------------------------------------
1                                          |1                                          
2                                          |2                                          
3                                          |3                                          
4                                          |4                                          
---------------------------------------------------------------------------------------
Cell pin lists are equivalent.
Device classes sky130_fd_pr__pfet_01v8 and sky130_fd_pr__pfet_01v8 are equivalent.
Flattening unmatched subcell NMOS in circuit tg_sample_0043 (1)(2 instances)
Flattening unmatched subcell PMOS in circuit tg_sample_0043 (1)(2 instances)

Class tg_sample_0043 (0):  Merged 10 parallel devices.
Class tg_sample_0043 (1):  Merged 8 parallel devices.
Subcircuit summary:
Circuit 1: tg_sample_0043                  |Circuit 2: tg_sample_0043                  
-------------------------------------------|-------------------------------------------
sky130_fd_pr__nfet_01v8 (7->2)             |sky130_fd_pr__nfet_01v8 (14->2)            
sky130_fd_pr__pfet_01v8 (7->2)             |sky130_fd_pr__pfet_01v8 (14->2)            
Number of devices: 4                       |Number of devices: 4                       
Number of nets: 6                          |Number of nets: 6                          
---------------------------------------------------------------------------------------
Resolving symmetries by property value.
Resolving symmetries by pin name.
Netlists match uniquely with property errors.
sky130_fd_pr__pfet_01v8:3 vs. PMOS:1/sky130_fd_pr__pfet_01v8:MAIN:
 w circuit1: 46.4   circuit2: 92.7959   (delta=66.7%, cutoff=1%)
sky130_fd_pr__pfet_01v8:7 vs. PMOS:1/sky130_fd_pr__pfet_01v8:DUMMY1:
 w circuit1: 18.56   circuit2: 37.1184   (delta=66.7%, cutoff=1%)
sky130_fd_pr__nfet_01v8:0 vs. NMOS:0/sky130_fd_pr__nfet_01v8:MAIN:
 w circuit1: 80.35   circuit2: 160.691   (delta=66.7%, cutoff=1%)
sky130_fd_pr__nfet_01v8:6 vs. NMOS:0/sky130_fd_pr__nfet_01v8:DUMMY1:
 w circuit1: 32.14   circuit2: 64.2763   (delta=66.7%, cutoff=1%)

Subcircuit pins:
Circuit 1: tg_sample_0043                  |Circuit 2: tg_sample_0043                  
-------------------------------------------|-------------------------------------------
VSS                                        |VSS                                        
VCC                                        |VCC                                        
VGN                                        |VGN                                        
VGP                                        |VGP                                        
VIN                                        |VIN                                        
VOUT                                       |VOUT                                       
---------------------------------------------------------------------------------------
Cell pin lists are equivalent.
Device classes tg_sample_0043 and tg_sample_0043 are equivalent.

Final result: Circuits match uniquely.
Property errors were found.

The following cells had property errors:
 tg_sample_0043
