opamp_sample_0010 count: 
----------------------------------------
Metal1 spacing < 0.14um (met1.2)
----------------------------------------
 -8.725um 54.085um 0.000um 54.095um
 -8.865um 54.225um 0.000um 54.235um
 -8.865um 54.225um -8.725um 54.235um
 0.000um 54.085um 66.780um 54.095um
 66.640um 54.005um 66.780um 54.095um
 66.640um 53.985um 66.780um 54.005um
 66.640um 54.005um 67.350um 54.095um
 66.640um 53.985um 67.350um 54.005um
 67.210um 54.005um 67.350um 54.095um
 67.210um 53.985um 67.350um 54.005um
 0.000um 54.225um 66.865um 54.235um
 66.780um 54.210um 66.865um 54.225um
 66.865um 54.210um 67.125um 54.235um
 67.125um 54.210um 67.210um 54.235um
 66.780um 54.125um 67.210um 54.210um
----------------------------------------

