opamp_sample_0007 count: 
----------------------------------------
Metal2 spacing < 0.14um (met2.2)
----------------------------------------
 -22.800um -6.725um -22.220um -6.615um
 -22.940um -6.500um -22.080um -6.475um
 -22.940um -6.585um -22.080um -6.500um
 -22.940um -6.500um -22.800um -6.475um
 -22.940um -6.585um -22.800um -6.500um
 -22.800um -7.335um -22.220um -7.305um
 -22.220um -6.500um -22.080um -6.475um
 -22.220um -6.585um -22.080um -6.500um
 -22.800um -7.195um -22.220um -7.165um
 -22.940um -8.000um -22.800um -7.915um
 -22.940um -8.025um -22.800um -8.000um
 -22.940um -8.000um -22.080um -7.915um
 -22.940um -8.025um -22.080um -8.000um
 -22.220um -8.000um -22.080um -7.915um
 -22.220um -8.025um -22.080um -8.000um
 -22.800um -7.885um -22.220um -7.775um
 -61.525um 56.670um -61.440um 58.200um
 -61.665um 56.530um -61.580um 58.200um
 -61.665um 56.530um -61.580um 56.670um
 61.580um 56.530um 61.665um 56.670um
 61.580um 56.530um 61.665um 58.200um
 61.440um 56.670um 61.525um 58.200um
----------------------------------------
Metal1 spacing < 0.14um (met1.2)
----------------------------------------
 -45.105um -11.470um -44.965um -11.455um
 -45.105um -11.515um -44.965um -11.470um
 -45.105um -11.545um -44.965um -11.515um
 -45.105um -11.470um -44.395um -11.455um
 -45.105um -11.515um -44.395um -11.470um
 -45.105um -11.545um -44.835um -11.515um
 -44.835um -11.545um -44.665um -11.515um
 -44.665um -11.545um -44.395um -11.515um
 -44.535um -11.470um -44.395um -11.455um
 -44.535um -11.515um -44.395um -11.470um
 -44.535um -11.545um -44.395um -11.515um
 -44.965um -11.320um -44.880um -11.315um
 -44.880um -11.320um -44.620um -11.315um
 -44.620um -11.320um -44.535um -11.315um
 -44.965um -11.405um -44.535um -11.320um
 44.395um -11.470um 44.535um -11.455um
 44.395um -11.515um 44.535um -11.470um
 44.395um -11.545um 44.535um -11.515um
 44.395um -11.470um 45.105um -11.455um
 44.395um -11.515um 45.105um -11.470um
 44.395um -11.545um 44.665um -11.515um
 44.665um -11.545um 44.835um -11.515um
 44.835um -11.545um 45.105um -11.515um
 44.965um -11.470um 45.105um -11.455um
 44.965um -11.515um 45.105um -11.470um
 44.965um -11.545um 45.105um -11.515um
 44.535um -11.320um 44.620um -11.315um
 44.620um -11.320um 44.880um -11.315um
 44.880um -11.320um 44.965um -11.315um
 44.535um -11.405um 44.965um -11.320um
----------------------------------------

