
Circuit 1 cell sky130_fd_pr__nfet_01v8 and Circuit 2 cell sky130_fd_pr__nfet_01v8 are black boxes.
Warning: Equate pins:  cell sky130_fd_pr__nfet_01v8 is a placeholder, treated as a black box.
Warning: Equate pins:  cell sky130_fd_pr__nfet_01v8 is a placeholder, treated as a black box.

Subcircuit pins:
Circuit 1: sky130_fd_pr__nfet_01v8         |Circuit 2: sky130_fd_pr__nfet_01v8         
-------------------------------------------|-------------------------------------------
1                                          |1                                          
2                                          |2                                          
3                                          |3                                          
4                                          |4                                          
---------------------------------------------------------------------------------------
Cell pin lists are equivalent.
Device classes sky130_fd_pr__nfet_01v8 and sky130_fd_pr__nfet_01v8 are equivalent.

Circuit 1 cell sky130_fd_pr__pfet_01v8 and Circuit 2 cell sky130_fd_pr__pfet_01v8 are black boxes.
Warning: Equate pins:  cell sky130_fd_pr__pfet_01v8 is a placeholder, treated as a black box.
Warning: Equate pins:  cell sky130_fd_pr__pfet_01v8 is a placeholder, treated as a black box.

Subcircuit pins:
Circuit 1: sky130_fd_pr__pfet_01v8         |Circuit 2: sky130_fd_pr__pfet_01v8         
-------------------------------------------|-------------------------------------------
1                                          |1                                          
2                                          |2                                          
3                                          |3                                          
4                                          |4                                          
---------------------------------------------------------------------------------------
Cell pin lists are equivalent.
Device classes sky130_fd_pr__pfet_01v8 and sky130_fd_pr__pfet_01v8 are equivalent.

Circuit 1 cell sky130_fd_pr__cap_mim_m3_1 and Circuit 2 cell sky130_fd_pr__cap_mim_m3_1 are black boxes.
Warning: Equate pins:  cell sky130_fd_pr__cap_mim_m3_1 is a placeholder, treated as a black box.
Warning: Equate pins:  cell sky130_fd_pr__cap_mim_m3_1 is a placeholder, treated as a black box.

Subcircuit pins:
Circuit 1: sky130_fd_pr__cap_mim_m3_1      |Circuit 2: sky130_fd_pr__cap_mim_m3_1      
-------------------------------------------|-------------------------------------------
1                                          |1                                          
2                                          |2                                          
---------------------------------------------------------------------------------------
Cell pin lists are equivalent.
Device classes sky130_fd_pr__cap_mim_m3_1 and sky130_fd_pr__cap_mim_m3_1 are equivalent.
Flattening unmatched subcell INPUT_STAGE in circuit opamp_sample_0008 (1)(1 instance)
Flattening unmatched subcell DIFF_PAIR in circuit opamp_sample_0008 (1)(1 instance)
Flattening unmatched subcell NMOS in circuit opamp_sample_0008 (1)(4 instances)
Flattening unmatched subcell CMIRROR in circuit opamp_sample_0008 (1)(6 instances)
Flattening unmatched subcell NMOS_1 in circuit opamp_sample_0008 (1)(4 instances)
Flattening unmatched subcell GAIN_STAGE in circuit opamp_sample_0008 (1)(1 instance)
Flattening unmatched subcell DIFF_TO_SINGLE_CS in circuit opamp_sample_0008 (1)(1 instance)
Flattening unmatched subcell DIFF_TO_SINGLE in circuit opamp_sample_0008 (1)(1 instance)
Flattening unmatched subcell PMOS in circuit opamp_sample_0008 (1)(14 instances)
Flattening unmatched subcell CMIRROR in circuit opamp_sample_0008 (1)(6 instances)
Flattening unmatched subcell MIMCAP_ARR in circuit opamp_sample_0008 (1)(1 instance)
Flattening unmatched subcell MIMCap in circuit opamp_sample_0008 (1)(2 instances)

Class opamp_sample_0008 (0):  Merged 162 parallel devices.
Class opamp_sample_0008 (1):  Merged 68 parallel devices.
Subcircuit summary:
Circuit 1: opamp_sample_0008               |Circuit 2: opamp_sample_0008               
-------------------------------------------|-------------------------------------------
sky130_fd_pr__pfet_01v8 (82->8)            |sky130_fd_pr__pfet_01v8 (288->6) **Mismatc 
sky130_fd_pr__nfet_01v8 (96->9)            |sky130_fd_pr__nfet_01v8 (68->9)            
sky130_fd_pr__cap_mim_m3_1 (2->1)          |sky130_fd_pr__cap_mim_m3_1 (2->1)          
Number of devices: 18 **Mismatch**         |Number of devices: 16 **Mismatch**         
Number of nets: 14 **Mismatch**            |Number of nets: 12 **Mismatch**            
---------------------------------------------------------------------------------------
NET mismatches: Class fragments follow (with fanout counts):
Circuit 1: opamp_sample_0008               |Circuit 2: opamp_sample_0008               

---------------------------------------------------------------------------------------
Net: VDD                                   |Net: VDD                                   
  sky130_fd_pr__pfet_01v8/(1|3) = 5        |  sky130_fd_pr__pfet_01v8/(1|3) = 5        
  sky130_fd_pr__pfet_01v8/2 = 1            |  sky130_fd_pr__pfet_01v8/2 = 1            
  sky130_fd_pr__pfet_01v8/4 = 8            |  sky130_fd_pr__pfet_01v8/4 = 6            
---------------------------------------------------------------------------------------
Netlists do not match.

Subcircuit pins:
Circuit 1: opamp_sample_0008               |Circuit 2: opamp_sample_0008               
-------------------------------------------|-------------------------------------------
VDD                                        |VDD                                        
DIFFPAIR_BIAS                              |DIFFPAIR_BIAS                              
CS_BIAS                                    |CS_BIAS                                    
VOUT                                       |VOUT                                       
VP                                         |VP                                         
VN                                         |VN                                         
GND                                        |GND                                        
---------------------------------------------------------------------------------------
Cell pin lists are equivalent.
Device classes opamp_sample_0008 and opamp_sample_0008 are equivalent.

Final result: Netlists do not match.
