
Circuit 1 cell sky130_fd_pr__pfet_01v8 and Circuit 2 cell sky130_fd_pr__pfet_01v8 are black boxes.
Warning: Equate pins:  cell sky130_fd_pr__pfet_01v8 is a placeholder, treated as a black box.
Warning: Equate pins:  cell sky130_fd_pr__pfet_01v8 is a placeholder, treated as a black box.

Subcircuit pins:
Circuit 1: sky130_fd_pr__pfet_01v8         |Circuit 2: sky130_fd_pr__pfet_01v8         
-------------------------------------------|-------------------------------------------
1                                          |1                                          
2                                          |2                                          
3                                          |3                                          
4                                          |4                                          
---------------------------------------------------------------------------------------
Cell pin lists are equivalent.
Device classes sky130_fd_pr__pfet_01v8 and sky130_fd_pr__pfet_01v8 are equivalent.
Flattening unmatched subcell PMOS in circuit diff_pair_sample_1793 (1)(4 instances)

Class diff_pair_sample_1793 (0):  Merged 21 parallel devices.
Class diff_pair_sample_1793 (1):  Merged 5 parallel devices.
Subcircuit summary:
Circuit 1: diff_pair_sample_1793           |Circuit 2: diff_pair_sample_1793           
-------------------------------------------|-------------------------------------------
sky130_fd_pr__pfet_01v8 (24->3)            |sky130_fd_pr__pfet_01v8 (24->3)            
Number of devices: 3                       |Number of devices: 3                       
Number of nets: 7 **Mismatch**             |Number of nets: 6 **Mismatch**             
---------------------------------------------------------------------------------------
NET mismatches: Class fragments follow (with fanout counts):
Circuit 1: diff_pair_sample_1793           |Circuit 2: diff_pair_sample_1793           

---------------------------------------------------------------------------------------
(no matching net)                          |Net: B                                     
                                           |  sky130_fd_pr__pfet_01v8/4 = 3            
                                           |  sky130_fd_pr__pfet_01v8/(1|3) = 2        
                                           |  sky130_fd_pr__pfet_01v8/2 = 1            
---------------------------------------------------------------------------------------

---------------------------------------------------------------------------------------
Net: B                                     |(no matching net)                          
  sky130_fd_pr__pfet_01v8/(1|3) = 2        |                                           
  sky130_fd_pr__pfet_01v8/2 = 1            |                                           
                                           |                                           
Net: w_n4486_n4508#                        |(no matching net)                          
  sky130_fd_pr__pfet_01v8/4 = 3            |                                           
---------------------------------------------------------------------------------------

---------------------------------------------------------------------------------------
Net: VTAIL                                 |Net: VTAIL                                 
  sky130_fd_pr__pfet_01v8/(1|3) = 2        |  sky130_fd_pr__pfet_01v8/(1|3) = 2        
---------------------------------------------------------------------------------------
DEVICE mismatches: Class fragments follow (with node fanout counts):
Circuit 1: diff_pair_sample_1793           |Circuit 2: diff_pair_sample_1793           

---------------------------------------------------------------------------------------
Instance: sky130_fd_pr__pfet_01v8:2        |Instance: PMOS:0/sky130_fd_pr__pfet_01v8:D 
  (1,3) = (3,3)                            |  (1,3) = (6,6)                            
  2 = 3                                    |  2 = 6                                    
  4 = 3                                    |  4 = 6                                    
---------------------------------------------------------------------------------------
Netlists do not match.

Subcircuit pins:
Circuit 1: diff_pair_sample_1793           |Circuit 2: diff_pair_sample_1793           
-------------------------------------------|-------------------------------------------
Cell pin lists are equivalent.
Device classes diff_pair_sample_1793 and diff_pair_sample_1793 are equivalent.

Final result: Netlists do not match.
