opamp_sample_0012 count: 
----------------------------------------
Metal2 spacing < 0.14um (met2.2)
----------------------------------------
 -5.475um -6.925um -4.895um -6.815um
 -5.615um -6.700um -4.755um -6.675um
 -5.615um -6.785um -4.755um -6.700um
 -5.615um -6.700um -5.475um -6.675um
 -5.615um -6.785um -5.475um -6.700um
 -5.475um -7.535um -4.895um -7.505um
 -4.895um -6.700um -4.755um -6.675um
 -4.895um -6.785um -4.755um -6.700um
 -5.475um -7.395um -4.895um -7.365um
 -5.615um -8.200um -5.475um -8.115um
 -5.615um -8.225um -5.475um -8.200um
 -5.615um -8.200um -4.755um -8.115um
 -5.615um -8.225um -4.755um -8.200um
 -4.895um -8.200um -4.755um -8.115um
 -4.895um -8.225um -4.755um -8.200um
 -5.475um -8.085um -4.895um -7.975um
----------------------------------------
Metal1 spacing < 0.14um (met1.2)
----------------------------------------
 -28.325um -16.195um -28.185um -16.180um
 -28.325um -16.240um -28.185um -16.195um
 -28.325um -16.270um -28.185um -16.240um
 -28.325um -16.195um -27.615um -16.180um
 -28.325um -16.240um -27.615um -16.195um
 -28.325um -16.270um -27.615um -16.240um
 -27.755um -16.195um -27.615um -16.180um
 -27.755um -16.240um -27.615um -16.195um
 -27.755um -16.270um -27.615um -16.240um
 -28.185um -16.045um -28.100um -16.040um
 -28.100um -16.045um -27.840um -16.040um
 -27.840um -16.045um -27.755um -16.040um
 -28.185um -16.130um -27.755um -16.045um
 27.615um -16.195um 27.755um -16.180um
 27.615um -16.240um 27.755um -16.195um
 27.615um -16.270um 27.755um -16.240um
 27.615um -16.195um 28.325um -16.180um
 27.615um -16.240um 28.325um -16.195um
 27.615um -16.270um 28.325um -16.240um
 28.185um -16.195um 28.325um -16.180um
 28.185um -16.240um 28.325um -16.195um
 28.185um -16.270um 28.325um -16.240um
 27.755um -16.045um 27.840um -16.040um
 27.840um -16.045um 28.100um -16.040um
 28.100um -16.045um 28.185um -16.040um
 27.755um -16.130um 28.185um -16.045um
----------------------------------------

