opamp_sample_0003 count: 
----------------------------------------
Metal1 spacing < 0.14um (met1.2)
----------------------------------------
 -8.885um 48.450um 0.000um 48.460um
 -9.025um 48.590um 0.000um 48.600um
 -9.025um 48.590um -8.885um 48.600um
 0.000um 48.450um 68.370um 48.460um
 68.230um 48.370um 68.370um 48.460um
 68.230um 48.350um 68.370um 48.370um
 68.230um 48.370um 68.940um 48.460um
 68.230um 48.350um 68.940um 48.370um
 68.800um 48.370um 68.940um 48.460um
 68.800um 48.350um 68.940um 48.370um
 0.000um 48.590um 68.455um 48.600um
 68.370um 48.575um 68.455um 48.590um
 68.455um 48.575um 68.715um 48.600um
 68.715um 48.575um 68.800um 48.600um
 68.370um 48.490um 68.800um 48.575um
----------------------------------------

