opamp_sample_0004 count: 
----------------------------------------
Metal1 spacing < 0.14um (met1.2)
----------------------------------------
 -6.615um 50.790um 0.000um 50.800um
 -6.755um 50.930um 0.000um 50.940um
 -6.755um 50.930um -6.615um 50.940um
 0.000um 50.790um 45.680um 50.800um
 45.540um 50.710um 45.680um 50.800um
 45.540um 50.690um 45.680um 50.710um
 45.540um 50.710um 46.250um 50.800um
 45.540um 50.690um 46.250um 50.710um
 46.110um 50.710um 46.250um 50.800um
 46.110um 50.690um 46.250um 50.710um
 0.000um 50.930um 45.765um 50.940um
 45.680um 50.915um 45.765um 50.930um
 45.765um 50.915um 46.025um 50.940um
 46.025um 50.915um 46.110um 50.940um
 45.680um 50.830um 46.110um 50.915um
----------------------------------------

