opamp_sample_0011 count: 
----------------------------------------
Metal2 spacing < 0.14um (met2.2)
----------------------------------------
 -8.535um -7.125um -7.955um -7.015um
 -8.675um -6.900um -7.815um -6.875um
 -8.675um -6.985um -7.815um -6.900um
 -8.675um -6.900um -8.535um -6.875um
 -8.675um -6.985um -8.535um -6.900um
 -8.535um -7.735um -7.955um -7.705um
 -7.955um -6.900um -7.815um -6.875um
 -7.955um -6.985um -7.815um -6.900um
 -8.535um -7.595um -7.955um -7.565um
 -8.675um -8.400um -8.535um -8.315um
 -8.675um -8.425um -8.535um -8.400um
 -8.675um -8.400um -7.815um -8.315um
 -8.675um -8.425um -7.815um -8.400um
 -7.955um -8.400um -7.815um -8.315um
 -7.955um -8.425um -7.815um -8.400um
 -8.535um -8.285um -7.955um -8.175um
----------------------------------------
Metal1 spacing < 0.14um (met1.2)
----------------------------------------
 -28.600um -4.330um -28.460um -4.275um
 -28.600um -4.330um -27.890um -4.275um
 -28.030um -4.330um -27.890um -4.275um
 -28.460um -4.190um -28.030um -4.135um
 -62.355um -5.255um -62.215um -5.240um
 -62.355um -5.300um -62.215um -5.255um
 -62.355um -5.330um -62.215um -5.300um
 -62.355um -5.255um -61.645um -5.240um
 -62.355um -5.300um -61.645um -5.255um
 -62.355um -5.330um -62.085um -5.300um
 -62.085um -5.330um -61.915um -5.300um
 -61.915um -5.330um -61.645um -5.300um
 -61.785um -5.255um -61.645um -5.240um
 -61.785um -5.300um -61.645um -5.255um
 -61.785um -5.330um -61.645um -5.300um
 -62.215um -5.105um -62.130um -5.100um
 -62.130um -5.105um -61.870um -5.100um
 -61.870um -5.105um -61.785um -5.100um
 -62.215um -5.190um -61.785um -5.105um
 61.645um -5.255um 61.785um -5.240um
 61.645um -5.300um 61.785um -5.255um
 61.645um -5.330um 61.785um -5.300um
 61.645um -5.255um 62.355um -5.240um
 61.645um -5.300um 62.355um -5.255um
 61.645um -5.330um 61.915um -5.300um
 61.915um -5.330um 62.085um -5.300um
 62.085um -5.330um 62.355um -5.300um
 62.215um -5.255um 62.355um -5.240um
 62.215um -5.300um 62.355um -5.255um
 62.215um -5.330um 62.355um -5.300um
 61.785um -5.105um 61.870um -5.100um
 61.870um -5.105um 62.130um -5.100um
 62.130um -5.105um 62.215um -5.100um
 61.785um -5.190um 62.215um -5.105um
----------------------------------------
Metal1 > 3um spacing to unrelated m1 < 0.28um (met1.3b)
----------------------------------------
 -28.460um -4.105um -28.375um -3.995um
 -28.375um -4.105um -28.115um -3.995um
 -28.115um -4.050um -11.765um -3.995um
 -28.115um -4.105um -28.030um -4.050um
 -28.460um -4.190um -28.030um -4.105um
 -12.045um -4.050um -11.765um -3.995um
----------------------------------------

