
Circuit 1 cell sky130_fd_pr__nfet_01v8 and Circuit 2 cell sky130_fd_pr__nfet_01v8 are black boxes.
Warning: Equate pins:  cell sky130_fd_pr__nfet_01v8 is a placeholder, treated as a black box.
Warning: Equate pins:  cell sky130_fd_pr__nfet_01v8 is a placeholder, treated as a black box.

Subcircuit pins:
Circuit 1: sky130_fd_pr__nfet_01v8         |Circuit 2: sky130_fd_pr__nfet_01v8         
-------------------------------------------|-------------------------------------------
1                                          |1                                          
2                                          |2                                          
3                                          |3                                          
4                                          |4                                          
---------------------------------------------------------------------------------------
Cell pin lists are equivalent.
Device classes sky130_fd_pr__nfet_01v8 and sky130_fd_pr__nfet_01v8 are equivalent.

Circuit 1 cell sky130_fd_pr__pfet_01v8 and Circuit 2 cell sky130_fd_pr__pfet_01v8 are black boxes.
Warning: Equate pins:  cell sky130_fd_pr__pfet_01v8 is a placeholder, treated as a black box.
Warning: Equate pins:  cell sky130_fd_pr__pfet_01v8 is a placeholder, treated as a black box.

Subcircuit pins:
Circuit 1: sky130_fd_pr__pfet_01v8         |Circuit 2: sky130_fd_pr__pfet_01v8         
-------------------------------------------|-------------------------------------------
1                                          |1                                          
2                                          |2                                          
3                                          |3                                          
4                                          |4                                          
---------------------------------------------------------------------------------------
Cell pin lists are equivalent.
Device classes sky130_fd_pr__pfet_01v8 and sky130_fd_pr__pfet_01v8 are equivalent.
Flattening unmatched subcell NMOS in circuit tg_sample_0046 (1)(2 instances)
Flattening unmatched subcell PMOS in circuit tg_sample_0046 (1)(2 instances)

Class tg_sample_0046 (0):  Merged 8 parallel devices.
Class tg_sample_0046 (1):  Merged 8 parallel devices.
Subcircuit summary:
Circuit 1: tg_sample_0046                  |Circuit 2: tg_sample_0046                  
-------------------------------------------|-------------------------------------------
sky130_fd_pr__pfet_01v8 (6->2)             |sky130_fd_pr__pfet_01v8 (12->2)            
sky130_fd_pr__nfet_01v8 (6->2)             |sky130_fd_pr__nfet_01v8 (12->2)            
Number of devices: 4                       |Number of devices: 4                       
Number of nets: 6                          |Number of nets: 6                          
---------------------------------------------------------------------------------------
Resolving symmetries by property value.
Resolving symmetries by pin name.
Netlists match uniquely with property errors.
sky130_fd_pr__nfet_01v8:1 vs. NMOS:0/sky130_fd_pr__nfet_01v8:MAIN:
 w circuit1: 68.36   circuit2: 136.685   (delta=66.6%, cutoff=1%)
sky130_fd_pr__nfet_01v8:6 vs. NMOS:0/sky130_fd_pr__nfet_01v8:DUMMY1:
 w circuit1: 34.18   circuit2: 68.3426   (delta=66.6%, cutoff=1%)
sky130_fd_pr__pfet_01v8:2 vs. PMOS:1/sky130_fd_pr__pfet_01v8:MAIN:
 w circuit1: 50.44   circuit2: 100.803   (delta=66.6%, cutoff=1%)
sky130_fd_pr__pfet_01v8:0 vs. PMOS:1/sky130_fd_pr__pfet_01v8:DUMMY1:
 w circuit1: 25.22   circuit2: 50.4016   (delta=66.6%, cutoff=1%)

Subcircuit pins:
Circuit 1: tg_sample_0046                  |Circuit 2: tg_sample_0046                  
-------------------------------------------|-------------------------------------------
VGN                                        |VGN                                        
VGP                                        |VGP                                        
VIN                                        |VIN                                        
VOUT                                       |VOUT                                       
VSS                                        |VSS                                        
VCC                                        |VCC                                        
---------------------------------------------------------------------------------------
Cell pin lists are equivalent.
Device classes tg_sample_0046 and tg_sample_0046 are equivalent.

Final result: Circuits match uniquely.
Property errors were found.

The following cells had property errors:
 tg_sample_0046
